C:\科林代码\WIN32PROJECT5\WIN32PROJECT5\DEBUG\贪吃蛇.OBJ
C:\科林代码\WIN32PROJECT5\WIN32PROJECT5\DEBUG\VC110.PDB
C:\科林代码\WIN32PROJECT5\DEBUG\WIN32PROJECT5.ILK
C:\科林代码\WIN32PROJECT5\DEBUG\WIN32PROJECT5.EXE
C:\科林代码\WIN32PROJECT5\DEBUG\WIN32PROJECT5.PDB
C:\科林代码\WIN32PROJECT5\WIN32PROJECT5\DEBUG\WIN32PROJECT5.RES
C:\科林代码\Win32Project5\Win32Project5\Debug\贪吃蛇.obj
C:\科林代码\Win32Project5\Win32Project5\Debug\cl.command.1.tlog
C:\科林代码\Win32Project5\Win32Project5\Debug\CL.read.1.tlog
C:\科林代码\Win32Project5\Win32Project5\Debug\CL.write.1.tlog
C:\科林代码\Win32Project5\Win32Project5\Debug\link-cvtres.read.1.tlog
C:\科林代码\Win32Project5\Win32Project5\Debug\link-cvtres.write.1.tlog
C:\科林代码\Win32Project5\Win32Project5\Debug\link-rc.read.1.tlog
C:\科林代码\Win32Project5\Win32Project5\Debug\link-rc.write.1.tlog
C:\科林代码\Win32Project5\Win32Project5\Debug\link.command.1.tlog
C:\科林代码\Win32Project5\Win32Project5\Debug\link.read.1.tlog
C:\科林代码\Win32Project5\Win32Project5\Debug\link.write.1.tlog
C:\科林代码\Win32Project5\Win32Project5\Debug\rc.command.1.tlog
C:\科林代码\Win32Project5\Win32Project5\Debug\rc.read.1.tlog
C:\科林代码\Win32Project5\Win32Project5\Debug\rc.write.1.tlog
C:\科林代码\Win32Project5\Win32Project5\Debug\Win32Project5.res
C:\科林代码\Win32Project5\Win32Project5\Debug\vc110.idb
C:\科林代码\Win32Project5\Win32Project5\Debug\vc110.pdb
C:\科林代码\Win32Project5\Debug\Win32Project5.pdb
C:\科林代码\Win32Project5\Debug\Win32Project5.exe
C:\科林代码\Win32Project5\Debug\Win32Project5.ilk
